<?xml version="1.0" encoding="UTF-8"?>
<!-- Generated by org.testng.reporters.JUnitReportReporter -->
<testsuite hostname="MindSDET699" failures="0" tests="10" name="TestCases.Hybridframework" time="132.047" errors="0" timestamp="2022-01-19T11:31:07 GMT+05:30" skipped="0">
  <testcase classname="TestCases.Hybridframework" name="TestCase1" time="7.045"/>
  <system-out/>
  <testcase classname="TestCases.Hybridframework" name="TestCase2" time="8.543"/>
  <system-out/>
  <testcase classname="TestCases.Hybridframework" name="TestCase3" time="7.061"/>
  <system-out/>
  <testcase classname="TestCases.Hybridframework" name="TestCase4" time="8.262"/>
  <system-out/>
  <testcase classname="TestCases.Hybridframework" name="TestCase5" time="8.607"/>
  <system-out/>
  <testcase classname="TestCases.Hybridframework" name="Testcase6" time="17.350"/>
  <system-out/>
  <testcase classname="TestCases.Hybridframework" name="test7" time="6.442"/>
  <system-out/>
  <testcase classname="TestCases.Hybridframework" name="test8" time="24.297"/>
  <system-out/>
  <testcase classname="TestCases.Hybridframework" name="test9" time="27.326"/>
  <system-out/>
  <testcase classname="TestCases.Hybridframework" name="test10" time="17.114"/>
  <system-out/>
</testsuite> <!-- TestCases.Hybridframework -->
